# JRE version: OpenJDK Runtime Environment Temurin-21.0.10+7 (21.0.10+7) (build 21.0.10+7-LTS)
# Java VM: OpenJDK 64-Bit Server VM Temurin-21.0.10+7 (21.0.10+7-LTS, mixed mode, sharing, tiered, compressed oops, compressed class ptrs, parallel gc, windows-amd64)
GC Precious Log:
 CardTable entry size: 512
 CPUs: 8 total, 8 available
 Memory: 16270M
 Large Page Support: Disabled
 NUMA Support: Disabled
 Compressed Oops: Enabled (32-bit)
 Alignments: Space 512K, Generation 512K, Heap 2M
 Heap Min Capacity: 100M
 Heap Initial Capacity: 100M
 Heap Max Capacity: 2G
 Pre-touch: Disabled
 Parallel Workers: 8
Heap:
 PSYoungGen      total 6656K, used 3220K [0x00000000d5580000, 0x00000000d5d80000, 0x0000000100000000)
  eden space 5120K, 39% used [0x00000000d5580000,0x00000000d577c128,0x00000000d5a80000)
  from space 1536K, 77% used [0x00000000d5c00000,0x00000000d5d29210,0x00000000d5d80000)
  to   space 1536K, 0% used [0x00000000d5a80000,0x00000000d5a80000,0x00000000d5c00000)
 ParOldGen       total 829440K, used 537108K [0x0000000080000000, 0x00000000b2a00000, 0x00000000d5580000)
  object space 829440K, 64% used [0x0000000080000000,0x00000000a0c85170,0x00000000b2a00000)
 Metaspace       used 88054K, committed 89792K, reserved 1179648K
  class space    used 9140K, committed 9984K, reserved 1048576K
GC Heap History (20 events):
Event: 2408.715 GC heap before
{Heap before GC invocations=1409 (full 4):
 PSYoungGen      total 6144K, used 6105K [0x00000000d5580000, 0x00000000d5e00000, 0x0000000100000000)
  eden space 5120K, 100% used [0x00000000d5580000,0x00000000d5a80000,0x00000000d5a80000)
  from space 1024K, 96% used [0x00000000d5c00000,0x00000000d5cf6410,0x00000000d5d00000)
  to   space 1536K, 0% used [0x00000000d5a80000,0x00000000d5a80000,0x00000000d5c00000)
 ParOldGen       total 829440K, used 528297K [0x0000000080000000, 0x00000000b2a00000, 0x00000000d5580000)
  object space 829440K, 63% used [0x0000000080000000,0x00000000a03ea428,0x00000000b2a00000)
 Metaspace       used 87842K, committed 89536K, reserved 1179648K
  class space    used 9129K, committed 9920K, reserved 1048576K
}
Event: 2408.718 GC heap after
{Heap after GC invocations=1409 (full 4):
 PSYoungGen      total 6144K, used 538K [0x00000000d5580000, 0x00000000d5c80000, 0x0000000100000000)
  eden space 5120K, 0% used [0x00000000d5580000,0x00000000d5580000,0x00000000d5a80000)
  from space 1024K, 52% used [0x00000000d5a80000,0x00000000d5b06900,0x00000000d5b80000)
  to   space 1024K, 0% used [0x00000000d5b80000,0x00000000d5b80000,0x00000000d5c80000)
 ParOldGen       total 829440K, used 529041K [0x0000000080000000, 0x00000000b2a00000, 0x00000000d5580000)
  object space 829440K, 63% used [0x0000000080000000,0x00000000a04a4668,0x00000000b2a00000)
 Metaspace       used 87842K, committed 89536K, reserved 1179648K
  class space    used 9129K, committed 9920K, reserved 1048576K
}
Event: 2419.548 GC heap before
{Heap before GC invocations=1410 (full 4):
 PSYoungGen      total 6144K, used 5658K [0x00000000d5580000, 0x00000000d5c80000, 0x0000000100000000)
  eden space 5120K, 100% used [0x00000000d5580000,0x00000000d5a80000,0x00000000d5a80000)
  from space 1024K, 52% used [0x00000000d5a80000,0x00000000d5b06900,0x00000000d5b80000)
  to   space 1024K, 0% used [0x00000000d5b80000,0x00000000d5b80000,0x00000000d5c80000)
 ParOldGen       total 829440K, used 529041K [0x0000000080000000, 0x00000000b2a00000, 0x00000000d5580000)
  object space 829440K, 63% used [0x0000000080000000,0x00000000a04a4668,0x00000000b2a00000)
 Metaspace       used 87848K, committed 89536K, reserved 1179648K
  class space    used 9129K, committed 9920K, reserved 1048576K
}
Event: 2419.549 GC heap after
{Heap after GC invocations=1410 (full 4):
 PSYoungGen      total 5632K, used 314K [0x00000000d5580000, 0x00000000d5c00000, 0x0000000100000000)
  eden space 5120K, 0% used [0x00000000d5580000,0x00000000d5580000,0x00000000d5a80000)
  from space 512K, 61% used [0x00000000d5b80000,0x00000000d5bce900,0x00000000d5c00000)
  to   space 512K, 0% used [0x00000000d5b00000,0x00000000d5b00000,0x00000000d5b80000)
 ParOldGen       total 829440K, used 529057K [0x0000000080000000, 0x00000000b2a00000, 0x00000000d5580000)
  object space 829440K, 63% used [0x0000000080000000,0x00000000a04a8668,0x00000000b2a00000)
 Metaspace       used 87848K, committed 89536K, reserved 1179648K
  class space    used 9129K, committed 9920K, reserved 1048576K
}
Event: 2419.568 GC heap before
{Heap before GC invocations=1411 (full 4):
 PSYoungGen      total 5632K, used 3973K [0x00000000d5580000, 0x00000000d5c00000, 0x0000000100000000)
  eden space 5120K, 71% used [0x00000000d5580000,0x00000000d5912d10,0x00000000d5a80000)
  from space 512K, 61% used [0x00000000d5b80000,0x00000000d5bce900,0x00000000d5c00000)
  to   space 512K, 0% used [0x00000000d5b00000,0x00000000d5b00000,0x00000000d5b80000)
 ParOldGen       total 829440K, used 529057K [0x0000000080000000, 0x00000000b2a00000, 0x00000000d5580000)
  object space 829440K, 63% used [0x0000000080000000,0x00000000a04a8668,0x00000000b2a00000)
 Metaspace       used 87912K, committed 89600K, reserved 1179648K
  class space    used 9130K, committed 9920K, reserved 1048576K
}
Event: 2419.569 GC heap after
{Heap after GC invocations=1411 (full 4):
 PSYoungGen      total 5632K, used 512K [0x00000000d5580000, 0x00000000d5d80000, 0x0000000100000000)
  eden space 5120K, 0% used [0x00000000d5580000,0x00000000d5580000,0x00000000d5a80000)
  from space 512K, 100% used [0x00000000d5b00000,0x00000000d5b80000,0x00000000d5b80000)
  to   space 1536K, 0% used [0x00000000d5c00000,0x00000000d5c00000,0x00000000d5d80000)
 ParOldGen       total 829440K, used 529506K [0x0000000080000000, 0x00000000b2a00000, 0x00000000d5580000)
  object space 829440K, 63% used [0x0000000080000000,0x00000000a0518888,0x00000000b2a00000)
 Metaspace       used 87912K, committed 89600K, reserved 1179648K
  class space    used 9130K, committed 9920K, reserved 1048576K
}
Event: 2419.596 GC heap before
{Heap before GC invocations=1412 (full 4):
 PSYoungGen      total 5632K, used 5622K [0x00000000d5580000, 0x00000000d5d80000, 0x0000000100000000)
  eden space 5120K, 99% used [0x00000000d5580000,0x00000000d5a7dad8,0x00000000d5a80000)
  from space 512K, 100% used [0x00000000d5b00000,0x00000000d5b80000,0x00000000d5b80000)
  to   space 1536K, 0% used [0x00000000d5c00000,0x00000000d5c00000,0x00000000d5d80000)
 ParOldGen       total 829440K, used 529506K [0x0000000080000000, 0x00000000b2a00000, 0x00000000d5580000)
  object space 829440K, 63% used [0x0000000080000000,0x00000000a0518888,0x00000000b2a00000)
 Metaspace       used 87995K, committed 89664K, reserved 1179648K
  class space    used 9135K, committed 9920K, reserved 1048576K
}
Event: 2419.598 GC heap after
{Heap after GC invocations=1412 (full 4):
 PSYoungGen      total 6656K, used 1379K [0x00000000d5580000, 0x00000000d5d80000, 0x0000000100000000)
  eden space 5120K, 0% used [0x00000000d5580000,0x00000000d5580000,0x00000000d5a80000)
  from space 1536K, 89% used [0x00000000d5c00000,0x00000000d5d58c20,0x00000000d5d80000)
  to   space 1536K, 0% used [0x00000000d5a80000,0x00000000d5a80000,0x00000000d5c00000)
 ParOldGen       total 829440K, used 531568K [0x0000000080000000, 0x00000000b2a00000, 0x00000000d5580000)
  object space 829440K, 64% used [0x0000000080000000,0x00000000a071c0b8,0x00000000b2a00000)
 Metaspace       used 87995K, committed 89664K, reserved 1179648K
  class space    used 9135K, committed 9920K, reserved 1048576K
}
Event: 2419.621 GC heap before
{Heap before GC invocations=1413 (full 4):
 PSYoungGen      total 6656K, used 6499K [0x00000000d5580000, 0x00000000d5d80000, 0x0000000100000000)
  eden space 5120K, 100% used [0x00000000d5580000,0x00000000d5a80000,0x00000000d5a80000)
  from space 1536K, 89% used [0x00000000d5c00000,0x00000000d5d58c20,0x00000000d5d80000)
  to   space 1536K, 0% used [0x00000000d5a80000,0x00000000d5a80000,0x00000000d5c00000)
 ParOldGen       total 829440K, used 531568K [0x0000000080000000, 0x00000000b2a00000, 0x00000000d5580000)
  object space 829440K, 64% used [0x0000000080000000,0x00000000a071c0b8,0x00000000b2a00000)
 Metaspace       used 88005K, committed 89664K, reserved 1179648K
  class space    used 9135K, committed 9920K, reserved 1048576K
}
Event: 2419.622 GC heap after
{Heap after GC invocations=1413 (full 4):
 PSYoungGen      total 6144K, used 676K [0x00000000d5580000, 0x00000000d5c80000, 0x0000000100000000)
  eden space 5120K, 0% used [0x00000000d5580000,0x00000000d5580000,0x00000000d5a80000)
  from space 1024K, 66% used [0x00000000d5a80000,0x00000000d5b291b0,0x00000000d5b80000)
  to   space 1024K, 0% used [0x00000000d5b80000,0x00000000d5b80000,0x00000000d5c80000)
 ParOldGen       total 829440K, used 533174K [0x0000000080000000, 0x00000000b2a00000, 0x00000000d5580000)
  object space 829440K, 64% used [0x0000000080000000,0x00000000a08ada58,0x00000000b2a00000)
 Metaspace       used 88005K, committed 89664K, reserved 1179648K
  class space    used 9135K, committed 9920K, reserved 1048576K
}
Event: 2419.643 GC heap before
{Heap before GC invocations=1414 (full 4):
 PSYoungGen      total 6144K, used 5617K [0x00000000d5580000, 0x00000000d5c80000, 0x0000000100000000)
  eden space 5120K, 96% used [0x00000000d5580000,0x00000000d5a534e0,0x00000000d5a80000)
  from space 1024K, 66% used [0x00000000d5a80000,0x00000000d5b291b0,0x00000000d5b80000)
  to   space 1024K, 0% used [0x00000000d5b80000,0x00000000d5b80000,0x00000000d5c80000)
 ParOldGen       total 829440K, used 533174K [0x0000000080000000, 0x00000000b2a00000, 0x00000000d5580000)
  object space 829440K, 64% used [0x0000000080000000,0x00000000a08ada58,0x00000000b2a00000)
 Metaspace       used 88013K, committed 89664K, reserved 1179648K
  class space    used 9135K, committed 9920K, reserved 1048576K
}
Event: 2419.645 GC heap after
{Heap after GC invocations=1414 (full 4):
 PSYoungGen      total 6144K, used 411K [0x00000000d5580000, 0x00000000d5c80000, 0x0000000100000000)
  eden space 5120K, 0% used [0x00000000d5580000,0x00000000d5580000,0x00000000d5a80000)
  from space 1024K, 40% used [0x00000000d5b80000,0x00000000d5be6c00,0x00000000d5c80000)
  to   space 1024K, 0% used [0x00000000d5a80000,0x00000000d5a80000,0x00000000d5b80000)
 ParOldGen       total 829440K, used 533470K [0x0000000080000000, 0x00000000b2a00000, 0x00000000d5580000)
  object space 829440K, 64% used [0x0000000080000000,0x00000000a08f7a68,0x00000000b2a00000)
 Metaspace       used 88013K, committed 89664K, reserved 1179648K
  class space    used 9135K, committed 9920K, reserved 1048576K
}
Event: 2419.665 GC heap before
{Heap before GC invocations=1415 (full 4):
 PSYoungGen      total 6144K, used 5531K [0x00000000d5580000, 0x00000000d5c80000, 0x0000000100000000)
  eden space 5120K, 100% used [0x00000000d5580000,0x00000000d5a80000,0x00000000d5a80000)
  from space 1024K, 40% used [0x00000000d5b80000,0x00000000d5be6c00,0x00000000d5c80000)
  to   space 1024K, 0% used [0x00000000d5a80000,0x00000000d5a80000,0x00000000d5b80000)
 ParOldGen       total 829440K, used 533470K [0x0000000080000000, 0x00000000b2a00000, 0x00000000d5580000)
  object space 829440K, 64% used [0x0000000080000000,0x00000000a08f7a68,0x00000000b2a00000)
 Metaspace       used 88013K, committed 89664K, reserved 1179648K
  class space    used 9135K, committed 9920K, reserved 1048576K
}
Event: 2419.667 GC heap after
{Heap after GC invocations=1415 (full 4):
 PSYoungGen      total 6144K, used 999K [0x00000000d5580000, 0x00000000d5e80000, 0x0000000100000000)
  eden space 5120K, 0% used [0x00000000d5580000,0x00000000d5580000,0x00000000d5a80000)
  from space 1024K, 97% used [0x00000000d5a80000,0x00000000d5b79f80,0x00000000d5b80000)
  to   space 2048K, 0% used [0x00000000d5c80000,0x00000000d5c80000,0x00000000d5e80000)
 ParOldGen       total 829440K, used 533870K [0x0000000080000000, 0x00000000b2a00000, 0x00000000d5580000)
  object space 829440K, 64% used [0x0000000080000000,0x00000000a095bae8,0x00000000b2a00000)
 Metaspace       used 88013K, committed 89664K, reserved 1179648K
  class space    used 9135K, committed 9920K, reserved 1048576K
}
Event: 2419.680 GC heap before
{Heap before GC invocations=1416 (full 4):
 PSYoungGen      total 6144K, used 6105K [0x00000000d5580000, 0x00000000d5e80000, 0x0000000100000000)
  eden space 5120K, 99% used [0x00000000d5580000,0x00000000d5a7c540,0x00000000d5a80000)
  from space 1024K, 97% used [0x00000000d5a80000,0x00000000d5b79f80,0x00000000d5b80000)
  to   space 2048K, 0% used [0x00000000d5c80000,0x00000000d5c80000,0x00000000d5e80000)
 ParOldGen       total 829440K, used 533870K [0x0000000080000000, 0x00000000b2a00000, 0x00000000d5580000)
  object space 829440K, 64% used [0x0000000080000000,0x00000000a095bae8,0x00000000b2a00000)
 Metaspace       used 88013K, committed 89664K, reserved 1179648K
  class space    used 9135K, committed 9920K, reserved 1048576K
}
Event: 2419.683 GC heap after
{Heap after GC invocations=1416 (full 4):
 PSYoungGen      total 7168K, used 1838K [0x00000000d5580000, 0x00000000d5e80000, 0x0000000100000000)
  eden space 5120K, 0% used [0x00000000d5580000,0x00000000d5580000,0x00000000d5a80000)
  from space 2048K, 89% used [0x00000000d5c80000,0x00000000d5e4b9a0,0x00000000d5e80000)
  to   space 2048K, 0% used [0x00000000d5a80000,0x00000000d5a80000,0x00000000d5c80000)
 ParOldGen       total 829440K, used 536446K [0x0000000080000000, 0x00000000b2a00000, 0x00000000d5580000)
  object space 829440K, 64% used [0x0000000080000000,0x00000000a0bdfbd0,0x00000000b2a00000)
 Metaspace       used 88013K, committed 89664K, reserved 1179648K
  class space    used 9135K, committed 9920K, reserved 1048576K
}
Event: 2419.956 GC heap before
{Heap before GC invocations=1417 (full 4):
 PSYoungGen      total 7168K, used 6958K [0x00000000d5580000, 0x00000000d5e80000, 0x0000000100000000)
  eden space 5120K, 100% used [0x00000000d5580000,0x00000000d5a80000,0x00000000d5a80000)
  from space 2048K, 89% used [0x00000000d5c80000,0x00000000d5e4b9a0,0x00000000d5e80000)
  to   space 2048K, 0% used [0x00000000d5a80000,0x00000000d5a80000,0x00000000d5c80000)
 ParOldGen       total 829440K, used 536446K [0x0000000080000000, 0x00000000b2a00000, 0x00000000d5580000)
  object space 829440K, 64% used [0x0000000080000000,0x00000000a0bdfbd0,0x00000000b2a00000)
 Metaspace       used 88038K, committed 89792K, reserved 1179648K
  class space    used 9140K, committed 9984K, reserved 1048576K
}
Event: 2419.958 GC heap after
{Heap after GC invocations=1417 (full 4):
 PSYoungGen      total 6144K, used 714K [0x00000000d5580000, 0x00000000d5d80000, 0x0000000100000000)
  eden space 5120K, 0% used [0x00000000d5580000,0x00000000d5580000,0x00000000d5a80000)
  from space 1024K, 69% used [0x00000000d5a80000,0x00000000d5b32910,0x00000000d5b80000)
  to   space 1536K, 0% used [0x00000000d5c00000,0x00000000d5c00000,0x00000000d5d80000)
 ParOldGen       total 829440K, used 536558K [0x0000000080000000, 0x00000000b2a00000, 0x00000000d5580000)
  object space 829440K, 64% used [0x0000000080000000,0x00000000a0bfbbd0,0x00000000b2a00000)
 Metaspace       used 88038K, committed 89792K, reserved 1179648K
  class space    used 9140K, committed 9984K, reserved 1048576K
}
Event: 2419.975 GC heap before
{Heap before GC invocations=1418 (full 4):
 PSYoungGen      total 6144K, used 5834K [0x00000000d5580000, 0x00000000d5d80000, 0x0000000100000000)
  eden space 5120K, 100% used [0x00000000d5580000,0x00000000d5a80000,0x00000000d5a80000)
  from space 1024K, 69% used [0x00000000d5a80000,0x00000000d5b32910,0x00000000d5b80000)
  to   space 1536K, 0% used [0x00000000d5c00000,0x00000000d5c00000,0x00000000d5d80000)
 ParOldGen       total 829440K, used 536558K [0x0000000080000000, 0x00000000b2a00000, 0x00000000d5580000)
  object space 829440K, 64% used [0x0000000080000000,0x00000000a0bfbbd0,0x00000000b2a00000)
 Metaspace       used 88045K, committed 89792K, reserved 1179648K
  class space    used 9140K, committed 9984K, reserved 1048576K
}
Event: 2419.977 GC heap after
{Heap after GC invocations=1418 (full 4):
 PSYoungGen      total 6656K, used 1188K [0x00000000d5580000, 0x00000000d5d80000, 0x0000000100000000)
  eden space 5120K, 0% used [0x00000000d5580000,0x00000000d5580000,0x00000000d5a80000)
  from space 1536K, 77% used [0x00000000d5c00000,0x00000000d5d29210,0x00000000d5d80000)
  to   space 1536K, 0% used [0x00000000d5a80000,0x00000000d5a80000,0x00000000d5c00000)
 ParOldGen       total 829440K, used 537108K [0x0000000080000000, 0x00000000b2a00000, 0x00000000d5580000)
  object space 829440K, 64% used [0x0000000080000000,0x00000000a0c85170,0x00000000b2a00000)
 Metaspace       used 88045K, committed 89792K, reserved 1179648K
  class space    used 9140K, committed 9984K, reserved 1048576K
}

